<?xml version="1.0" encoding="UTF-8"?>
<testng-results skipped="0" failed="0" ignored="0" total="0" passed="0">
  <reporter-output>
  </reporter-output>
  <suite name="com.hyl.mq.helper.consumer.JdbcTemplateMqLogMapperTest" duration-ms="2" started-at="2021-11-07T04:37:07Z" finished-at="2021-11-07T04:37:07Z">
    <groups>
    </groups>
    <test name="Command line test" duration-ms="2" started-at="2021-11-07T04:37:07Z" finished-at="2021-11-07T04:37:07Z">
    </test> <!-- Command line test -->
  </suite> <!-- com.hyl.mq.helper.consumer.JdbcTemplateMqLogMapperTest -->
</testng-results>
